Requirement already satisfied: pandas in /ext3/miniconda3/lib/python3.8/site-packages (from -r requirements.txt (line 1)) (1.2.2)
Collecting torch==1.4.0
  Using cached torch-1.4.0-cp38-cp38-manylinux1_x86_64.whl (753.4 MB)
Requirement already satisfied: transformers==2.8.0 in /home/bxw201/.local/lib/python3.8/site-packages (from -r requirements.txt (line 3)) (2.8.0)
Requirement already satisfied: numpy in /ext3/miniconda3/lib/python3.8/site-packages (from -r requirements.txt (line 4)) (1.19.2)
Requirement already satisfied: blis==0.4.1 in /home/bxw201/.local/lib/python3.8/site-packages (from -r requirements.txt (line 5)) (0.4.1)
Requirement already satisfied: boto3==1.12.36 in /home/bxw201/.local/lib/python3.8/site-packages (from -r requirements.txt (line 6)) (1.12.36)
Requirement already satisfied: botocore==1.15.36 in /home/bxw201/.local/lib/python3.8/site-packages (from -r requirements.txt (line 7)) (1.15.36)
Requirement already satisfied: catalogue==1.0.0 in /home/bxw201/.local/lib/python3.8/site-packages (from -r requirements.txt (line 8)) (1.0.0)
Requirement already satisfied: certifi==2019.11.28 in /home/bxw201/.local/lib/python3.8/site-packages (from -r requirements.txt (line 9)) (2019.11.28)
Requirement already satisfied: chardet==3.0.4 in /ext3/miniconda3/lib/python3.8/site-packages (from -r requirements.txt (line 10)) (3.0.4)
Requirement already satisfied: click==7.1.1 in /home/bxw201/.local/lib/python3.8/site-packages (from -r requirements.txt (line 11)) (7.1.1)
Requirement already satisfied: colorama==0.4.3 in /home/bxw201/.local/lib/python3.8/site-packages (from -r requirements.txt (line 12)) (0.4.3)
Requirement already satisfied: cymem==2.0.3 in /home/bxw201/.local/lib/python3.8/site-packages (from -r requirements.txt (line 13)) (2.0.3)
Requirement already satisfied: docutils==0.15.2 in /home/bxw201/.local/lib/python3.8/site-packages (from -r requirements.txt (line 14)) (0.15.2)
Loading ../data/dev.json...
---------------------------------------------------------------
                     ARGUMENTS                 
Pretrained class: roberta-base
Mask Token: <mask>
Tokenizer: RobertaTokenizer
Skip Intrasentence: False
Intrasentence Model: RoBERTaLM
Skip Intersentence: False
Intersentence Model: ModelNSP
CUDA: True
---------------------------------------------------------------

Evaluating bias on intersentence tasks...
Number of parameters: 124,967,234
Let's use 1 GPUs!
Maximum sequence length found: -inf

Evaluating bias on intrasentence tasks...

Evaluating predictions/predictions_scibert_BertLM_BertNextSentence.json...
intrasentence
	gender
		Count: 765.0
		LM Score: 71.4550226745879
		SS Score: 50.70705944618988
		ICAT Score: 70.4445636993923
	profession
		Count: 2430.0
		LM Score: 75.47850371532301
		SS Score: 46.896053996269806
		ICAT Score: 70.79287971582879
	race
		Count: 2886.0
		LM Score: 75.26254898072585
		SS Score: 58.812914185600825
		ICAT Score: 61.99690126959154
	religion
		Count: 237.0
		LM Score: 73.95402298850574
		SS Score: 55.72413793103448
		ICAT Score: 65.4875624256837
	overall
		Count: 2106.0
		LM Score: 74.81290089211667
		SS Score: 53.144171377528174
		ICAT Score: 70.10840925901977
intersentence
	gender
		Count: 726.0
		LM Score: 13.53674505848419
		SS Score: 47.801843888800406
		ICAT Score: 12.941627480963032
	profession
		Count: 2481.0
		LM Score: 17.882641717309863
		SS Score: 47.24515957065087
		ICAT Score: 16.897365229581652
	race
		Count: 2928.0
		LM Score: 18.53040640953136
		SS Score: 45.48462425929673
		ICAT Score: 16.856971458191953
	religion
		Count: 234.0
		LM Score: 13.64272030651341
		SS Score: 36.72030651340996
		ICAT Score: 10.019297426637895
	overall
		Count: 2123.0
		LM Score: 17.466702452744396
		SS Score: 46.11367872003091
		ICAT Score: 16.10907810408462
overall
	Count: 4229.0
	LM Score: 46.07131287852242
	SS Score: 49.58281163320731
	ICAT Score: 45.6869045630067

Evaluating predictions/predictions_roberta_RoBERTaLM_RoBERTaLM.json...
intrasentence
	gender
		Count: 765.0
		LM Score: 71.35529148790017
		SS Score: 54.207720942503556
		ICAT Score: 65.3504284008585
	profession
		Count: 2430.0
		LM Score: 72.4880733187488
		SS Score: 55.94327435427913
		ICAT Score: 63.8717431758203
	race
		Count: 2886.0
		LM Score: 70.02782512792561
		SS Score: 56.07187093282957
		ICAT Score: 61.52382681025514
	religion
		Count: 237.0
		LM Score: 70.59770114942529
		SS Score: 40.82758620689655
		ICAT Score: 57.646674593737615
	overall
		Count: 2106.0
		LM Score: 71.15177117082358
		SS Score: 55.208171547543834
		ICAT Score: 63.74035856743892
intersentence
	gender
		Count: 726.0
		LM Score: 39.54848392348392
		SS Score: 48.47511988816337
		ICAT Score: 38.34234999171969
	profession
		Count: 2481.0
		LM Score: 37.23019203808043
		SS Score: 47.4760234581332
		ICAT Score: 35.35082941101421
	race
		Count: 2928.0
		LM Score: 39.16676594678386
		SS Score: 65.47986481342987
		ICAT Score: 27.040841106074605
	religion
		Count: 234.0
		LM Score: 44.98754789272031
		SS Score: 64.91570881226053
		ICAT Score: 31.56712460181149
	overall
		Count: 2123.0
		LM Score: 38.700719216957374
		SS Score: 56.4690400296948
		ICAT Score: 33.69358918110785
overall
	Count: 4229.0
	LM Score: 54.86829727064073
	SS Score: 55.78643275774107
	ICAT Score: 48.51846301687453

Evaluating predictions/predictions_biobert_BertLM_BertNextSentence.json...
intrasentence
	gender
		Count: 765.0
		LM Score: 42.036579925710356
		SS Score: 54.172972438189824
		ICAT Score: 38.528230137195294
	profession
		Count: 2430.0
		LM Score: 48.45842050726675
		SS Score: 53.44446410053143
		ICAT Score: 45.12015471115203
	race
		Count: 2886.0
		LM Score: 41.453436013725764
		SS Score: 50.84971761185066
		ICAT Score: 40.74896172067402
	religion
		Count: 237.0
		LM Score: 42.94252873563219
		SS Score: 40.275862068965516
		ICAT Score: 34.590947284978206
	overall
		Count: 2106.0
		LM Score: 44.24392021741937
		SS Score: 51.85419072951091
		ICAT Score: 42.603186883332185
intersentence
	gender
		Count: 726.0
		LM Score: 21.64174895153156
		SS Score: 48.552958716002195
		ICAT Score: 21.015418867715912
	profession
		Count: 2481.0
		LM Score: 25.110414795657654
		SS Score: 49.04969515920572
		ICAT Score: 24.633163820964338
	race
		Count: 2928.0
		LM Score: 26.61740170331506
		SS Score: 50.137664264719014
		ICAT Score: 26.54411640263071
	religion
		Count: 234.0
		LM Score: 22.080459770114942
		SS Score: 43.36973180076628
		ICAT Score: 19.15247236534989
	overall
		Count: 2123.0
		LM Score: 25.243009797654842
		SS Score: 49.26690570719464
		ICAT Score: 24.87289966933703
overall
	Count: 4229.0
	LM Score: 34.67305391075233
	SS Score: 50.58525714858484
	ICAT Score: 34.267200857461624

Evaluating predictions/predictions_bert-base-uncased_BertNextSentence_BertLM.json...
intrasentence
	gender
		Count: 765.0
		LM Score: 85.96879714488409
		SS Score: 63.93016259103215
		ICAT Score: 62.01761070521017
	profession
		Count: 2430.0
		LM Score: 82.65493314194387
		SS Score: 61.44272071035787
		ICAT Score: 63.73898683641255
	race
		Count: 2886.0
		LM Score: 85.66785675023388
		SS Score: 57.445486685420484
		ICAT Score: 72.91107901418637
	religion
		Count: 237.0
		LM Score: 88.45977011494251
		SS Score: 56.45977011494253
		ICAT Score: 77.03117452767867
	overall
		Count: 2106.0
		LM Score: 84.66782429190386
		SS Score: 59.746836433430666
		ICAT Score: 68.16295560095116
intersentence
	gender
		Count: 726.0
		LM Score: 89.45130151651892
		SS Score: 57.637827148696715
		ICAT Score: 75.78702993233645
	profession
		Count: 2481.0
		LM Score: 84.68382403929309
		SS Score: 62.345428969882065
		ICAT Score: 63.7746613477914
	race
		Count: 2928.0
		LM Score: 87.77420257603487
		SS Score: 59.69733115785828
		ICAT Score: 70.75069238609991
	religion
		Count: 234.0
		LM Score: 90.5919540229885
		SS Score: 62.13026819923371
		ICAT Score: 68.6138600431585
	overall
		Count: 2123.0
		LM Score: 86.91993533101522
		SS Score: 60.534631226126926
		ICAT Score: 68.6065460327943
overall
	Count: 4229.0
	LM Score: 85.77862268806976
	SS Score: 60.19955604092526
	ICAT Score: 68.28054530366275
